[GET /api/projects] failed: error: syntax error at or near "p"
    at C:\Users\USER\Desktop\CODE\designer\node_modules\pg-pool\index.js:45:11
    at process.processTicksAndRejections (node:internal/process/task_queues:105:5)
    at async C:\Users\USER\Desktop\CODE\designer\routes\projects.js:168:22 {
  length: 91,
  severity: 'ERROR',
  code: '42601',
  detail: undefined,
  hint: undefined,
  position: '286',
  internalPosition: undefined,
  internalQuery: undefined,
  where: undefined,
  schema: undefined,
  table: undefined,
  column: undefined,
  dataType: undefined,
  constraint: undefined,
  file: 'scan.l',
  line: '1248',
  routine: 'scanner_yyerror'
}
[GET /api/projects] failed: error: syntax error at or near "p"
    at C:\Users\USER\Desktop\CODE\designer\node_modules\pg-pool\index.js:45:11
    at process.processTicksAndRejections (node:internal/process/task_queues:105:5)
    at async C:\Users\USER\Desktop\CODE\designer\routes\projects.js:168:22 {
  length: 91,
  severity: 'ERROR',
  code: '42601',
  detail: undefined,
  hint: undefined,
  position: '286',
  internalPosition: undefined,
  internalQuery: undefined,
  where: undefined,
  schema: undefined,
  table: undefined,
  column: undefined,
  dataType: undefined,
  constraint: undefined,
  file: 'scan.l',
  line: '1248',
  routine: 'scanner_yyerror'
}
[GET /api/projects] failed: error: syntax error at or near "p"
    at C:\Users\USER\Desktop\CODE\designer\node_modules\pg-pool\index.js:45:11
    at process.processTicksAndRejections (node:internal/process/task_queues:105:5)
    at async C:\Users\USER\Desktop\CODE\designer\routes\projects.js:168:22 {
  length: 91,
  severity: 'ERROR',
  code: '42601',
  detail: undefined,
  hint: undefined,
  position: '286',
  internalPosition: undefined,
  internalQuery: undefined,
  where: undefined,
  schema: undefined,
  table: undefined,
  column: undefined,
  dataType: undefined,
  constraint: undefined,
  file: 'scan.l',
  line: '1248',
  routine: 'scanner_yyerror'
}
[GET /api/projects] failed: error: syntax error at or near "p"
    at C:\Users\USER\Desktop\CODE\designer\node_modules\pg-pool\index.js:45:11
    at process.processTicksAndRejections (node:internal/process/task_queues:105:5)
    at async C:\Users\USER\Desktop\CODE\designer\routes\projects.js:168:22 {
  length: 91,
  severity: 'ERROR',
  code: '42601',
  detail: undefined,
  hint: undefined,
  position: '286',
  internalPosition: undefined,
  internalQuery: undefined,
  where: undefined,
  schema: undefined,
  table: undefined,
  column: undefined,
  dataType: undefined,
  constraint: undefined,
  file: 'scan.l',
  line: '1248',
  routine: 'scanner_yyerror'
}
